<?xml version="1.0" encoding="UTF-8"?>
<testsuite xmlns:xsi="http://www.w3.org/2001/XMLSchema-instance" xsi:noNamespaceSchemaLocation="https://maven.apache.org/surefire/maven-surefire-plugin/xsd/surefire-test-report.xsd" name="com.dauphine.AppTest" time="0.048" tests="1" errors="0" skipped="0" failures="0">
  <properties>
    <property name="awt.toolkit" value="sun.awt.X11.XToolkit"/>
    <property name="java.specification.version" value="11"/>
    <property name="sun.cpu.isalist" value=""/>
    <property name="sun.jnu.encoding" value="UTF-8"/>
    <property name="java.class.path" value="/home/matt/servicebus-templates/java/servicebus/target/test-classes:/home/matt/servicebus-templates/java/servicebus/target/classes:/home/matt/.m2/repository/junit/junit/4.11/junit-4.11.jar:/home/matt/.m2/repository/org/hamcrest/hamcrest-core/1.3/hamcrest-core-1.3.jar:/home/matt/.m2/repository/com/microsoft/azure/azure-servicebus/3.6.6/azure-servicebus-3.6.6.jar:/home/matt/.m2/repository/org/apache/qpid/proton-j/0.33.8/proton-j-0.33.8.jar:/home/matt/.m2/repository/com/microsoft/azure/qpid-proton-j-extensions/1.2.4/qpid-proton-j-extensions-1.2.4.jar:/home/matt/.m2/repository/org/slf4j/slf4j-api/1.7.32/slf4j-api-1.7.32.jar:/home/matt/.m2/repository/org/asynchttpclient/async-http-client/2.12.1/async-http-client-2.12.1.jar:/home/matt/.m2/repository/org/asynchttpclient/async-http-client-netty-utils/2.12.1/async-http-client-netty-utils-2.12.1.jar:/home/matt/.m2/repository/io/netty/netty-buffer/4.1.48.Final/netty-buffer-4.1.48.Final.jar:/home/matt/.m2/repository/io/netty/netty-codec-http/4.1.48.Final/netty-codec-http-4.1.48.Final.jar:/home/matt/.m2/repository/io/netty/netty-common/4.1.48.Final/netty-common-4.1.48.Final.jar:/home/matt/.m2/repository/io/netty/netty-transport/4.1.48.Final/netty-transport-4.1.48.Final.jar:/home/matt/.m2/repository/io/netty/netty-codec/4.1.48.Final/netty-codec-4.1.48.Final.jar:/home/matt/.m2/repository/io/netty/netty-handler/4.1.48.Final/netty-handler-4.1.48.Final.jar:/home/matt/.m2/repository/io/netty/netty-resolver/4.1.48.Final/netty-resolver-4.1.48.Final.jar:/home/matt/.m2/repository/io/netty/netty-codec-socks/4.1.48.Final/netty-codec-socks-4.1.48.Final.jar:/home/matt/.m2/repository/io/netty/netty-handler-proxy/4.1.48.Final/netty-handler-proxy-4.1.48.Final.jar:/home/matt/.m2/repository/io/netty/netty-transport-native-epoll/4.1.48.Final/netty-transport-native-epoll-4.1.48.Final-linux-x86_64.jar:/home/matt/.m2/repository/io/netty/netty-transport-native-unix-common/4.1.48.Final/netty-transport-native-unix-common-4.1.48.Final.jar:/home/matt/.m2/repository/io/netty/netty-transport-native-kqueue/4.1.48.Final/netty-transport-native-kqueue-4.1.48.Final-osx-x86_64.jar:/home/matt/.m2/repository/org/reactivestreams/reactive-streams/1.0.3/reactive-streams-1.0.3.jar:/home/matt/.m2/repository/com/typesafe/netty/netty-reactive-streams/2.0.4/netty-reactive-streams-2.0.4.jar:/home/matt/.m2/repository/com/sun/activation/javax.activation/1.2.0/javax.activation-1.2.0.jar:/home/matt/.m2/repository/com/microsoft/azure/azure-client-authentication/1.7.14/azure-client-authentication-1.7.14.jar:/home/matt/.m2/repository/com/microsoft/azure/azure-client-runtime/1.7.14/azure-client-runtime-1.7.14.jar:/home/matt/.m2/repository/com/microsoft/rest/client-runtime/1.7.14/client-runtime-1.7.14.jar:/home/matt/.m2/repository/com/google/guava/guava/20.0/guava-20.0.jar:/home/matt/.m2/repository/com/squareup/retrofit2/retrofit/2.6.4/retrofit-2.6.4.jar:/home/matt/.m2/repository/com/squareup/okhttp3/okhttp/3.12.12/okhttp-3.12.12.jar:/home/matt/.m2/repository/com/squareup/okio/okio/1.15.0/okio-1.15.0.jar:/home/matt/.m2/repository/com/squareup/okhttp3/logging-interceptor/3.12.12/logging-interceptor-3.12.12.jar:/home/matt/.m2/repository/com/squareup/okhttp3/okhttp-urlconnection/3.12.12/okhttp-urlconnection-3.12.12.jar:/home/matt/.m2/repository/com/squareup/retrofit2/converter-jackson/2.6.4/converter-jackson-2.6.4.jar:/home/matt/.m2/repository/com/fasterxml/jackson/core/jackson-databind/2.9.8/jackson-databind-2.9.8.jar:/home/matt/.m2/repository/com/fasterxml/jackson/datatype/jackson-datatype-joda/2.10.5/jackson-datatype-joda-2.10.5.jar:/home/matt/.m2/repository/com/fasterxml/jackson/core/jackson-annotations/2.10.5/jackson-annotations-2.10.5.jar:/home/matt/.m2/repository/com/fasterxml/jackson/core/jackson-core/2.10.5/jackson-core-2.10.5.jar:/home/matt/.m2/repository/joda-time/joda-time/2.9.9/joda-time-2.9.9.jar:/home/matt/.m2/repository/io/reactivex/rxjava/1.3.8/rxjava-1.3.8.jar:/home/matt/.m2/repository/com/squareup/retrofit2/adapter-rxjava/2.6.4/adapter-rxjava-2.6.4.jar:/home/matt/.m2/repository/commons-codec/commons-codec/1.11/commons-codec-1.11.jar:/home/matt/.m2/repository/com/microsoft/azure/adal4j/1.6.7/adal4j-1.6.7.jar:/home/matt/.m2/repository/com/nimbusds/oauth2-oidc-sdk/9.4/oauth2-oidc-sdk-9.4.jar:/home/matt/.m2/repository/com/github/stephenc/jcip/jcip-annotations/1.0-1/jcip-annotations-1.0-1.jar:/home/matt/.m2/repository/com/nimbusds/content-type/2.1/content-type-2.1.jar:/home/matt/.m2/repository/net/minidev/json-smart/2.4.2/json-smart-2.4.2.jar:/home/matt/.m2/repository/net/minidev/accessors-smart/2.4.2/accessors-smart-2.4.2.jar:/home/matt/.m2/repository/org/ow2/asm/asm/8.0.1/asm-8.0.1.jar:/home/matt/.m2/repository/com/nimbusds/lang-tag/1.5/lang-tag-1.5.jar:/home/matt/.m2/repository/com/nimbusds/nimbus-jose-jwt/9.8.1/nimbus-jose-jwt-9.8.1.jar:/home/matt/.m2/repository/com/google/code/gson/gson/2.8.0/gson-2.8.0.jar:/home/matt/.m2/repository/org/apache/commons/commons-lang3/3.5/commons-lang3-3.5.jar:/home/matt/.m2/repository/com/microsoft/azure/azure-annotations/1.10.0/azure-annotations-1.10.0.jar:"/>
    <property name="java.vm.vendor" value="Private Build"/>
    <property name="sun.arch.data.model" value="64"/>
    <property name="java.vendor.url" value="Unknown"/>
    <property name="user.timezone" value=""/>
    <property name="java.vm.specification.version" value="11"/>
    <property name="os.name" value="Linux"/>
    <property name="sun.java.launcher" value="SUN_STANDARD"/>
    <property name="sun.boot.library.path" value="/usr/lib/jvm/java-11-openjdk-amd64/lib"/>
    <property name="sun.java.command" value="/home/matt/servicebus-templates/java/servicebus/target/surefire/surefirebooter16594046069658431996.jar /home/matt/servicebus-templates/java/servicebus/target/surefire 2022-05-16T15-33-25_528-jvmRun1 surefire8962264371450380244tmp surefire_014064108422927602597tmp"/>
    <property name="jdk.debug" value="release"/>
    <property name="surefire.test.class.path" value="/home/matt/servicebus-templates/java/servicebus/target/test-classes:/home/matt/servicebus-templates/java/servicebus/target/classes:/home/matt/.m2/repository/junit/junit/4.11/junit-4.11.jar:/home/matt/.m2/repository/org/hamcrest/hamcrest-core/1.3/hamcrest-core-1.3.jar:/home/matt/.m2/repository/com/microsoft/azure/azure-servicebus/3.6.6/azure-servicebus-3.6.6.jar:/home/matt/.m2/repository/org/apache/qpid/proton-j/0.33.8/proton-j-0.33.8.jar:/home/matt/.m2/repository/com/microsoft/azure/qpid-proton-j-extensions/1.2.4/qpid-proton-j-extensions-1.2.4.jar:/home/matt/.m2/repository/org/slf4j/slf4j-api/1.7.32/slf4j-api-1.7.32.jar:/home/matt/.m2/repository/org/asynchttpclient/async-http-client/2.12.1/async-http-client-2.12.1.jar:/home/matt/.m2/repository/org/asynchttpclient/async-http-client-netty-utils/2.12.1/async-http-client-netty-utils-2.12.1.jar:/home/matt/.m2/repository/io/netty/netty-buffer/4.1.48.Final/netty-buffer-4.1.48.Final.jar:/home/matt/.m2/repository/io/netty/netty-codec-http/4.1.48.Final/netty-codec-http-4.1.48.Final.jar:/home/matt/.m2/repository/io/netty/netty-common/4.1.48.Final/netty-common-4.1.48.Final.jar:/home/matt/.m2/repository/io/netty/netty-transport/4.1.48.Final/netty-transport-4.1.48.Final.jar:/home/matt/.m2/repository/io/netty/netty-codec/4.1.48.Final/netty-codec-4.1.48.Final.jar:/home/matt/.m2/repository/io/netty/netty-handler/4.1.48.Final/netty-handler-4.1.48.Final.jar:/home/matt/.m2/repository/io/netty/netty-resolver/4.1.48.Final/netty-resolver-4.1.48.Final.jar:/home/matt/.m2/repository/io/netty/netty-codec-socks/4.1.48.Final/netty-codec-socks-4.1.48.Final.jar:/home/matt/.m2/repository/io/netty/netty-handler-proxy/4.1.48.Final/netty-handler-proxy-4.1.48.Final.jar:/home/matt/.m2/repository/io/netty/netty-transport-native-epoll/4.1.48.Final/netty-transport-native-epoll-4.1.48.Final-linux-x86_64.jar:/home/matt/.m2/repository/io/netty/netty-transport-native-unix-common/4.1.48.Final/netty-transport-native-unix-common-4.1.48.Final.jar:/home/matt/.m2/repository/io/netty/netty-transport-native-kqueue/4.1.48.Final/netty-transport-native-kqueue-4.1.48.Final-osx-x86_64.jar:/home/matt/.m2/repository/org/reactivestreams/reactive-streams/1.0.3/reactive-streams-1.0.3.jar:/home/matt/.m2/repository/com/typesafe/netty/netty-reactive-streams/2.0.4/netty-reactive-streams-2.0.4.jar:/home/matt/.m2/repository/com/sun/activation/javax.activation/1.2.0/javax.activation-1.2.0.jar:/home/matt/.m2/repository/com/microsoft/azure/azure-client-authentication/1.7.14/azure-client-authentication-1.7.14.jar:/home/matt/.m2/repository/com/microsoft/azure/azure-client-runtime/1.7.14/azure-client-runtime-1.7.14.jar:/home/matt/.m2/repository/com/microsoft/rest/client-runtime/1.7.14/client-runtime-1.7.14.jar:/home/matt/.m2/repository/com/google/guava/guava/20.0/guava-20.0.jar:/home/matt/.m2/repository/com/squareup/retrofit2/retrofit/2.6.4/retrofit-2.6.4.jar:/home/matt/.m2/repository/com/squareup/okhttp3/okhttp/3.12.12/okhttp-3.12.12.jar:/home/matt/.m2/repository/com/squareup/okio/okio/1.15.0/okio-1.15.0.jar:/home/matt/.m2/repository/com/squareup/okhttp3/logging-interceptor/3.12.12/logging-interceptor-3.12.12.jar:/home/matt/.m2/repository/com/squareup/okhttp3/okhttp-urlconnection/3.12.12/okhttp-urlconnection-3.12.12.jar:/home/matt/.m2/repository/com/squareup/retrofit2/converter-jackson/2.6.4/converter-jackson-2.6.4.jar:/home/matt/.m2/repository/com/fasterxml/jackson/core/jackson-databind/2.9.8/jackson-databind-2.9.8.jar:/home/matt/.m2/repository/com/fasterxml/jackson/datatype/jackson-datatype-joda/2.10.5/jackson-datatype-joda-2.10.5.jar:/home/matt/.m2/repository/com/fasterxml/jackson/core/jackson-annotations/2.10.5/jackson-annotations-2.10.5.jar:/home/matt/.m2/repository/com/fasterxml/jackson/core/jackson-core/2.10.5/jackson-core-2.10.5.jar:/home/matt/.m2/repository/joda-time/joda-time/2.9.9/joda-time-2.9.9.jar:/home/matt/.m2/repository/io/reactivex/rxjava/1.3.8/rxjava-1.3.8.jar:/home/matt/.m2/repository/com/squareup/retrofit2/adapter-rxjava/2.6.4/adapter-rxjava-2.6.4.jar:/home/matt/.m2/repository/commons-codec/commons-codec/1.11/commons-codec-1.11.jar:/home/matt/.m2/repository/com/microsoft/azure/adal4j/1.6.7/adal4j-1.6.7.jar:/home/matt/.m2/repository/com/nimbusds/oauth2-oidc-sdk/9.4/oauth2-oidc-sdk-9.4.jar:/home/matt/.m2/repository/com/github/stephenc/jcip/jcip-annotations/1.0-1/jcip-annotations-1.0-1.jar:/home/matt/.m2/repository/com/nimbusds/content-type/2.1/content-type-2.1.jar:/home/matt/.m2/repository/net/minidev/json-smart/2.4.2/json-smart-2.4.2.jar:/home/matt/.m2/repository/net/minidev/accessors-smart/2.4.2/accessors-smart-2.4.2.jar:/home/matt/.m2/repository/org/ow2/asm/asm/8.0.1/asm-8.0.1.jar:/home/matt/.m2/repository/com/nimbusds/lang-tag/1.5/lang-tag-1.5.jar:/home/matt/.m2/repository/com/nimbusds/nimbus-jose-jwt/9.8.1/nimbus-jose-jwt-9.8.1.jar:/home/matt/.m2/repository/com/google/code/gson/gson/2.8.0/gson-2.8.0.jar:/home/matt/.m2/repository/org/apache/commons/commons-lang3/3.5/commons-lang3-3.5.jar:/home/matt/.m2/repository/com/microsoft/azure/azure-annotations/1.10.0/azure-annotations-1.10.0.jar:"/>
    <property name="sun.cpu.endian" value="little"/>
    <property name="user.home" value="/home/matt"/>
    <property name="user.language" value="en"/>
    <property name="java.specification.vendor" value="Oracle Corporation"/>
    <property name="java.version.date" value="2022-04-19"/>
    <property name="java.home" value="/usr/lib/jvm/java-11-openjdk-amd64"/>
    <property name="file.separator" value="/"/>
    <property name="basedir" value="/home/matt/servicebus-templates/java/servicebus"/>
    <property name="java.vm.compressedOopsMode" value="Zero based"/>
    <property name="line.separator" value="&#10;"/>
    <property name="java.specification.name" value="Java Platform API Specification"/>
    <property name="java.vm.specification.vendor" value="Oracle Corporation"/>
    <property name="java.awt.graphicsenv" value="sun.awt.X11GraphicsEnvironment"/>
    <property name="surefire.real.class.path" value="/home/matt/servicebus-templates/java/servicebus/target/surefire/surefirebooter16594046069658431996.jar"/>
    <property name="sun.management.compiler" value="HotSpot 64-Bit Tiered Compilers"/>
    <property name="java.runtime.version" value="11.0.15+10-Ubuntu-0ubuntu0.20.04.1"/>
    <property name="user.name" value="matt"/>
    <property name="path.separator" value=":"/>
    <property name="os.version" value="5.13.0-1022-azure"/>
    <property name="java.runtime.name" value="OpenJDK Runtime Environment"/>
    <property name="file.encoding" value="UTF-8"/>
    <property name="java.vm.name" value="OpenJDK 64-Bit Server VM"/>
    <property name="localRepository" value="/home/matt/.m2/repository"/>
    <property name="java.vendor.url.bug" value="Unknown"/>
    <property name="java.io.tmpdir" value="/tmp"/>
    <property name="java.version" value="11.0.15"/>
    <property name="user.dir" value="/home/matt/servicebus-templates/java/servicebus"/>
    <property name="os.arch" value="amd64"/>
    <property name="java.vm.specification.name" value="Java Virtual Machine Specification"/>
    <property name="java.awt.printerjob" value="sun.print.PSPrinterJob"/>
    <property name="sun.os.patch.level" value="unknown"/>
    <property name="java.library.path" value="/usr/java/packages/lib:/usr/lib/x86_64-linux-gnu/jni:/lib/x86_64-linux-gnu:/usr/lib/x86_64-linux-gnu:/usr/lib/jni:/lib:/usr/lib"/>
    <property name="java.vm.info" value="mixed mode, sharing"/>
    <property name="java.vendor" value="Private Build"/>
    <property name="java.vm.version" value="11.0.15+10-Ubuntu-0ubuntu0.20.04.1"/>
    <property name="sun.io.unicode.encoding" value="UnicodeLittle"/>
    <property name="java.class.version" value="55.0"/>
  </properties>
  <testcase name="shouldAnswerWithTrue" classname="com.dauphine.AppTest" time="0.002"/>
</testsuite>